app/build/intermediates/manifest_merge_blame_file/release/manifest-merger-blame-release-report.txt
1<?xml version="1.0" encoding="utf-8"?>
2<manifest xmlns:android="http://schemas.android.com/apk/res/android"
3    package="com.finsplit.app"
4    android:versionCode="1"
5    android:versionName="1.0" >
6
7    <uses-sdk
8        android:minSdkVersion="24"
9        android:targetSdkVersion="34" />
10
11    <uses-permission android:name="android.permission.INTERNET" />
11-->src\main\AndroidManifest.xml:4:5-67
11-->src\main\AndroidManifest.xml:4:22-64
12    <uses-permission android:name="android.permission.CAMERA" />
12-->src\main\AndroidManifest.xml:5:5-65
12-->src\main\AndroidManifest.xml:5:22-62
13    <uses-permission android:name="android.permission.POST_NOTIFICATIONS" />
13-->src\main\AndroidManifest.xml:6:5-77
13-->src\main\AndroidManifest.xml:6:22-74
14    <uses-permission android:name="android.permission.ACCESS_NETWORK_STATE" />
14-->[com.google.firebase:firebase-auth:24.1.0] AndroidManifest.xml:26:5-79
14-->[com.google.firebase:firebase-auth:24.1.0] AndroidManifest.xml:26:22-76
15    <uses-permission android:name="android.permission.WAKE_LOCK" /> <!-- Required by older versions of Google Play services to create IID tokens -->
15-->[com.google.firebase:firebase-messaging:25.1.0] AndroidManifest.xml:24:5-68
15-->[com.google.firebase:firebase-messaging:25.1.0] AndroidManifest.xml:24:22-65
16    <uses-permission android:name="com.google.android.c2dm.permission.RECEIVE" />
16-->[com.google.firebase:firebase-messaging:25.1.0] AndroidManifest.xml:26:5-82
16-->[com.google.firebase:firebase-messaging:25.1.0] AndroidManifest.xml:26:22-79
17    <uses-permission android:name="com.google.android.providers.gsf.permission.READ_GSERVICES" />
17-->[com.google.android.recaptcha:recaptcha:18.6.1] AndroidManifest.xml:9:5-98
17-->[com.google.android.recaptcha:recaptcha:18.6.1] AndroidManifest.xml:9:22-95
18    <uses-permission android:name="android.permission.RECEIVE_BOOT_COMPLETED" />
18-->[androidx.work:work-runtime:2.9.0] AndroidManifest.xml:25:5-81
18-->[androidx.work:work-runtime:2.9.0] AndroidManifest.xml:25:22-78
19    <uses-permission android:name="android.permission.FOREGROUND_SERVICE" />
19-->[androidx.work:work-runtime:2.9.0] AndroidManifest.xml:26:5-77
19-->[androidx.work:work-runtime:2.9.0] AndroidManifest.xml:26:22-74
20
21    <permission
21-->[androidx.core:core:1.13.0] AndroidManifest.xml:22:5-24:47
22        android:name="com.finsplit.app.DYNAMIC_RECEIVER_NOT_EXPORTED_PERMISSION"
22-->[androidx.core:core:1.13.0] AndroidManifest.xml:23:9-81
23        android:protectionLevel="signature" />
23-->[androidx.core:core:1.13.0] AndroidManifest.xml:24:9-44
24
25    <uses-permission android:name="com.finsplit.app.DYNAMIC_RECEIVER_NOT_EXPORTED_PERMISSION" />
25-->[androidx.core:core:1.13.0] AndroidManifest.xml:26:5-97
25-->[androidx.core:core:1.13.0] AndroidManifest.xml:26:22-94
26
27    <application
27-->src\main\AndroidManifest.xml:8:5-77:19
28        android:allowBackup="true"
28-->src\main\AndroidManifest.xml:9:9-35
29        android:appComponentFactory="androidx.core.app.CoreComponentFactory"
29-->[androidx.core:core:1.13.0] AndroidManifest.xml:28:18-86
30        android:extractNativeLibs="false"
31        android:icon="@mipmap/ic_launcher"
31-->src\main\AndroidManifest.xml:10:9-43
32        android:label="@string/app_name"
32-->src\main\AndroidManifest.xml:11:9-41
33        android:roundIcon="@mipmap/ic_launcher_round"
33-->src\main\AndroidManifest.xml:12:9-54
34        android:supportsRtl="true"
34-->src\main\AndroidManifest.xml:13:9-35
35        android:theme="@style/Theme.FinSplit" >
35-->src\main\AndroidManifest.xml:14:9-46
36        <activity
36-->src\main\AndroidManifest.xml:16:9-24:20
37            android:name="com.finsplit.app.activities.SplashActivity"
37-->src\main\AndroidManifest.xml:17:13-54
38            android:exported="true"
38-->src\main\AndroidManifest.xml:18:13-36
39            android:theme="@style/Theme.FinSplit.Splash" >
39-->src\main\AndroidManifest.xml:19:13-57
40            <intent-filter>
40-->src\main\AndroidManifest.xml:20:13-23:29
41                <action android:name="android.intent.action.MAIN" />
41-->src\main\AndroidManifest.xml:21:17-69
41-->src\main\AndroidManifest.xml:21:25-66
42
43                <category android:name="android.intent.category.LAUNCHER" />
43-->src\main\AndroidManifest.xml:22:17-77
43-->src\main\AndroidManifest.xml:22:27-74
44            </intent-filter>
45        </activity>
46        <activity
46-->src\main\AndroidManifest.xml:26:9-29:58
47            android:name="com.finsplit.app.activities.LoginActivity"
47-->src\main\AndroidManifest.xml:27:13-53
48            android:exported="false"
48-->src\main\AndroidManifest.xml:28:13-37
49            android:windowSoftInputMode="adjustResize" />
49-->src\main\AndroidManifest.xml:29:13-55
50        <activity
50-->src\main\AndroidManifest.xml:31:9-34:58
51            android:name="com.finsplit.app.activities.EmailLoginActivity"
51-->src\main\AndroidManifest.xml:32:13-58
52            android:exported="false"
52-->src\main\AndroidManifest.xml:33:13-37
53            android:windowSoftInputMode="adjustResize" />
53-->src\main\AndroidManifest.xml:34:13-55
54        <activity
54-->src\main\AndroidManifest.xml:36:9-39:58
55            android:name="com.finsplit.app.activities.RegisterActivity"
55-->src\main\AndroidManifest.xml:37:13-56
56            android:exported="false"
56-->src\main\AndroidManifest.xml:38:13-37
57            android:windowSoftInputMode="adjustResize" />
57-->src\main\AndroidManifest.xml:39:13-55
58        <activity
58-->src\main\AndroidManifest.xml:41:9-44:58
59            android:name="com.finsplit.app.activities.MainActivity"
59-->src\main\AndroidManifest.xml:42:13-52
60            android:exported="false"
60-->src\main\AndroidManifest.xml:43:13-37
61            android:windowSoftInputMode="adjustResize" />
61-->src\main\AndroidManifest.xml:44:13-55
62        <activity
62-->src\main\AndroidManifest.xml:46:9-49:58
63            android:name="com.finsplit.app.activities.InviteSetupActivity"
63-->src\main\AndroidManifest.xml:47:13-59
64            android:exported="false"
64-->src\main\AndroidManifest.xml:48:13-37
65            android:windowSoftInputMode="adjustResize" />
65-->src\main\AndroidManifest.xml:49:13-55
66        <activity
66-->src\main\AndroidManifest.xml:51:9-53:40
67            android:name="com.finsplit.app.activities.SettleUpActivity"
67-->src\main\AndroidManifest.xml:52:13-56
68            android:exported="false" />
68-->src\main\AndroidManifest.xml:53:13-37
69        <activity
69-->src\main\AndroidManifest.xml:55:9-57:40
70            android:name="com.finsplit.app.activities.ExpenseHistoryActivity"
70-->src\main\AndroidManifest.xml:56:13-62
71            android:exported="false" />
71-->src\main\AndroidManifest.xml:57:13-37
72        <activity
72-->src\main\AndroidManifest.xml:59:9-62:58
73            android:name="com.finsplit.app.activities.ProfileActivity"
73-->src\main\AndroidManifest.xml:60:13-55
74            android:exported="false"
74-->src\main\AndroidManifest.xml:61:13-37
75            android:windowSoftInputMode="adjustResize" />
75-->src\main\AndroidManifest.xml:62:13-55
76        <activity
76-->src\main\AndroidManifest.xml:64:9-66:40
77            android:name="com.finsplit.app.activities.WeeklyReportActivity"
77-->src\main\AndroidManifest.xml:65:13-60
78            android:exported="false" />
78-->src\main\AndroidManifest.xml:66:13-37
79
80        <!-- FCM: receives device token refreshes and incoming push messages -->
81        <service
81-->src\main\AndroidManifest.xml:69:9-75:19
82            android:name="com.finsplit.app.services.FinSplitMessagingService"
82-->src\main\AndroidManifest.xml:70:13-62
83            android:exported="false" >
83-->src\main\AndroidManifest.xml:71:13-37
84            <intent-filter>
84-->src\main\AndroidManifest.xml:72:13-74:29
85                <action android:name="com.google.firebase.MESSAGING_EVENT" />
85-->src\main\AndroidManifest.xml:73:17-78
85-->src\main\AndroidManifest.xml:73:25-75
86            </intent-filter>
87        </service>
88
89        <activity
89-->[com.google.firebase:firebase-auth:24.1.0] AndroidManifest.xml:29:9-46:20
90            android:name="com.google.firebase.auth.internal.GenericIdpActivity"
90-->[com.google.firebase:firebase-auth:24.1.0] AndroidManifest.xml:30:13-80
91            android:excludeFromRecents="true"
91-->[com.google.firebase:firebase-auth:24.1.0] AndroidManifest.xml:31:13-46
92            android:exported="true"
92-->[com.google.firebase:firebase-auth:24.1.0] AndroidManifest.xml:32:13-36
93            android:launchMode="singleTask"
93-->[com.google.firebase:firebase-auth:24.1.0] AndroidManifest.xml:33:13-44
94            android:theme="@android:style/Theme.Translucent.NoTitleBar" >
94-->[com.google.firebase:firebase-auth:24.1.0] AndroidManifest.xml:34:13-72
95            <intent-filter>
95-->[com.google.firebase:firebase-auth:24.1.0] AndroidManifest.xml:35:13-45:29
96                <action android:name="android.intent.action.VIEW" />
96-->[com.google.firebase:firebase-auth:24.1.0] AndroidManifest.xml:36:17-69
96-->[com.google.firebase:firebase-auth:24.1.0] AndroidManifest.xml:36:25-66
97
98                <category android:name="android.intent.category.DEFAULT" />
98-->[com.google.firebase:firebase-auth:24.1.0] AndroidManifest.xml:38:17-76
98-->[com.google.firebase:firebase-auth:24.1.0] AndroidManifest.xml:38:27-73
99                <category android:name="android.intent.category.BROWSABLE" />
99-->[com.google.firebase:firebase-auth:24.1.0] AndroidManifest.xml:39:17-78
99-->[com.google.firebase:firebase-auth:24.1.0] AndroidManifest.xml:39:27-75
100
101                <data
101-->[com.google.firebase:firebase-auth:24.1.0] AndroidManifest.xml:41:17-44:51
102                    android:host="firebase.auth"
102-->[com.google.firebase:firebase-auth:24.1.0] AndroidManifest.xml:42:21-49
103                    android:path="/"
103-->[com.google.firebase:firebase-auth:24.1.0] AndroidManifest.xml:43:21-37
104                    android:scheme="genericidp" />
104-->[com.google.firebase:firebase-auth:24.1.0] AndroidManifest.xml:44:21-48
105            </intent-filter>
106        </activity>
107        <activity
107-->[com.google.firebase:firebase-auth:24.1.0] AndroidManifest.xml:47:9-64:20
108            android:name="com.google.firebase.auth.internal.RecaptchaActivity"
108-->[com.google.firebase:firebase-auth:24.1.0] AndroidManifest.xml:48:13-79
109            android:excludeFromRecents="true"
109-->[com.google.firebase:firebase-auth:24.1.0] AndroidManifest.xml:49:13-46
110            android:exported="true"
110-->[com.google.firebase:firebase-auth:24.1.0] AndroidManifest.xml:50:13-36
111            android:launchMode="singleTask"
111-->[com.google.firebase:firebase-auth:24.1.0] AndroidManifest.xml:51:13-44
112            android:theme="@android:style/Theme.Translucent.NoTitleBar" >
112-->[com.google.firebase:firebase-auth:24.1.0] AndroidManifest.xml:52:13-72
113            <intent-filter>
113-->[com.google.firebase:firebase-auth:24.1.0] AndroidManifest.xml:53:13-63:29
114                <action android:name="android.intent.action.VIEW" />
114-->[com.google.firebase:firebase-auth:24.1.0] AndroidManifest.xml:36:17-69
114-->[com.google.firebase:firebase-auth:24.1.0] AndroidManifest.xml:36:25-66
115
116                <category android:name="android.intent.category.DEFAULT" />
116-->[com.google.firebase:firebase-auth:24.1.0] AndroidManifest.xml:38:17-76
116-->[com.google.firebase:firebase-auth:24.1.0] AndroidManifest.xml:38:27-73
117                <category android:name="android.intent.category.BROWSABLE" />
117-->[com.google.firebase:firebase-auth:24.1.0] AndroidManifest.xml:39:17-78
117-->[com.google.firebase:firebase-auth:24.1.0] AndroidManifest.xml:39:27-75
118
119                <data
119-->[com.google.firebase:firebase-auth:24.1.0] AndroidManifest.xml:41:17-44:51
120                    android:host="firebase.auth"
120-->[com.google.firebase:firebase-auth:24.1.0] AndroidManifest.xml:42:21-49
121                    android:path="/"
121-->[com.google.firebase:firebase-auth:24.1.0] AndroidManifest.xml:43:21-37
122                    android:scheme="recaptcha" />
122-->[com.google.firebase:firebase-auth:24.1.0] AndroidManifest.xml:44:21-48
123            </intent-filter>
124        </activity>
125
126        <service
126-->[com.google.firebase:firebase-auth:24.1.0] AndroidManifest.xml:66:9-72:19
127            android:name="com.google.firebase.components.ComponentDiscoveryService"
127-->[com.google.firebase:firebase-auth:24.1.0] AndroidManifest.xml:67:13-84
128            android:directBootAware="true"
128-->[com.google.firebase:firebase-common:22.1.0] AndroidManifest.xml:32:13-43
129            android:exported="false" >
129-->[com.google.firebase:firebase-auth:24.1.0] AndroidManifest.xml:68:13-37
130            <meta-data
130-->[com.google.firebase:firebase-auth:24.1.0] AndroidManifest.xml:69:13-71:85
131                android:name="com.google.firebase.components:com.google.firebase.auth.FirebaseAuthRegistrar"
131-->[com.google.firebase:firebase-auth:24.1.0] AndroidManifest.xml:70:17-109
132                android:value="com.google.firebase.components.ComponentRegistrar" />
132-->[com.google.firebase:firebase-auth:24.1.0] AndroidManifest.xml:71:17-82
133            <meta-data
133-->[com.google.firebase:firebase-firestore:26.4.0] AndroidManifest.xml:17:13-19:85
134                android:name="com.google.firebase.components:com.google.firebase.firestore.FirebaseFirestoreKtxRegistrar"
134-->[com.google.firebase:firebase-firestore:26.4.0] AndroidManifest.xml:18:17-122
135                android:value="com.google.firebase.components.ComponentRegistrar" />
135-->[com.google.firebase:firebase-firestore:26.4.0] AndroidManifest.xml:19:17-82
136            <meta-data
136-->[com.google.firebase:firebase-firestore:26.4.0] AndroidManifest.xml:20:13-22:85
137                android:name="com.google.firebase.components:com.google.firebase.firestore.FirestoreRegistrar"
137-->[com.google.firebase:firebase-firestore:26.4.0] AndroidManifest.xml:21:17-111
138                android:value="com.google.firebase.components.ComponentRegistrar" />
138-->[com.google.firebase:firebase-firestore:26.4.0] AndroidManifest.xml:22:17-82
139            <meta-data
139-->[com.google.firebase:firebase-messaging:25.1.0] AndroidManifest.xml:57:13-59:85
140                android:name="com.google.firebase.components:com.google.firebase.messaging.FirebaseMessagingKtxRegistrar"
140-->[com.google.firebase:firebase-messaging:25.1.0] AndroidManifest.xml:58:17-122
141                android:value="com.google.firebase.components.ComponentRegistrar" />
141-->[com.google.firebase:firebase-messaging:25.1.0] AndroidManifest.xml:59:17-82
142            <meta-data
142-->[com.google.firebase:firebase-messaging:25.1.0] AndroidManifest.xml:60:13-62:85
143                android:name="com.google.firebase.components:com.google.firebase.messaging.FirebaseMessagingRegistrar"
143-->[com.google.firebase:firebase-messaging:25.1.0] AndroidManifest.xml:61:17-119
144                android:value="com.google.firebase.components.ComponentRegistrar" />
144-->[com.google.firebase:firebase-messaging:25.1.0] AndroidManifest.xml:62:17-82
145            <meta-data
145-->[com.google.firebase:firebase-installations:19.1.1] AndroidManifest.xml:15:13-17:85
146                android:name="com.google.firebase.components:com.google.firebase.installations.FirebaseInstallationsKtxRegistrar"
146-->[com.google.firebase:firebase-installations:19.1.1] AndroidManifest.xml:16:17-130
147                android:value="com.google.firebase.components.ComponentRegistrar" />
147-->[com.google.firebase:firebase-installations:19.1.1] AndroidManifest.xml:17:17-82
148            <meta-data
148-->[com.google.firebase:firebase-installations:19.1.1] AndroidManifest.xml:18:13-20:85
149                android:name="com.google.firebase.components:com.google.firebase.installations.FirebaseInstallationsRegistrar"
149-->[com.google.firebase:firebase-installations:19.1.1] AndroidManifest.xml:19:17-127
150                android:value="com.google.firebase.components.ComponentRegistrar" />
150-->[com.google.firebase:firebase-installations:19.1.1] AndroidManifest.xml:20:17-82
151            <meta-data
151-->[com.google.firebase:firebase-common:22.1.0] AndroidManifest.xml:35:13-37:85
152                android:name="com.google.firebase.components:com.google.firebase.FirebaseCommonKtxRegistrar"
152-->[com.google.firebase:firebase-common:22.1.0] AndroidManifest.xml:36:17-109
153                android:value="com.google.firebase.components.ComponentRegistrar" />
153-->[com.google.firebase:firebase-common:22.1.0] AndroidManifest.xml:37:17-82
154            <meta-data
154-->[com.google.firebase:firebase-datatransport:18.2.0] AndroidManifest.xml:25:13-27:85
155                android:name="com.google.firebase.components:com.google.firebase.datatransport.TransportRegistrar"
155-->[com.google.firebase:firebase-datatransport:18.2.0] AndroidManifest.xml:26:17-115
156                android:value="com.google.firebase.components.ComponentRegistrar" />
156-->[com.google.firebase:firebase-datatransport:18.2.0] AndroidManifest.xml:27:17-82
157        </service>
158
159        <receiver
159-->[com.google.firebase:firebase-messaging:25.1.0] AndroidManifest.xml:29:9-40:20
160            android:name="com.google.firebase.iid.FirebaseInstanceIdReceiver"
160-->[com.google.firebase:firebase-messaging:25.1.0] AndroidManifest.xml:30:13-78
161            android:exported="true"
161-->[com.google.firebase:firebase-messaging:25.1.0] AndroidManifest.xml:31:13-36
162            android:permission="com.google.android.c2dm.permission.SEND" >
162-->[com.google.firebase:firebase-messaging:25.1.0] AndroidManifest.xml:32:13-73
163            <intent-filter>
163-->[com.google.firebase:firebase-messaging:25.1.0] AndroidManifest.xml:33:13-35:29
164                <action android:name="com.google.android.c2dm.intent.RECEIVE" />
164-->[com.google.firebase:firebase-messaging:25.1.0] AndroidManifest.xml:34:17-81
164-->[com.google.firebase:firebase-messaging:25.1.0] AndroidManifest.xml:34:25-78
165            </intent-filter>
166
167            <meta-data
167-->[com.google.firebase:firebase-messaging:25.1.0] AndroidManifest.xml:37:13-39:40
168                android:name="com.google.android.gms.cloudmessaging.FINISHED_AFTER_HANDLED"
168-->[com.google.firebase:firebase-messaging:25.1.0] AndroidManifest.xml:38:17-92
169                android:value="true" />
169-->[com.google.firebase:firebase-messaging:25.1.0] AndroidManifest.xml:39:17-37
170        </receiver>
171        <!--
172             FirebaseMessagingService performs security checks at runtime,
173             but set to not exported to explicitly avoid allowing another app to call it.
174        -->
175        <service
175-->[com.google.firebase:firebase-messaging:25.1.0] AndroidManifest.xml:46:9-53:19
176            android:name="com.google.firebase.messaging.FirebaseMessagingService"
176-->[com.google.firebase:firebase-messaging:25.1.0] AndroidManifest.xml:47:13-82
177            android:directBootAware="true"
177-->[com.google.firebase:firebase-messaging:25.1.0] AndroidManifest.xml:48:13-43
178            android:exported="false" >
178-->[com.google.firebase:firebase-messaging:25.1.0] AndroidManifest.xml:49:13-37
179            <intent-filter android:priority="-500" >
179-->src\main\AndroidManifest.xml:72:13-74:29
180                <action android:name="com.google.firebase.MESSAGING_EVENT" />
180-->src\main\AndroidManifest.xml:73:17-78
180-->src\main\AndroidManifest.xml:73:25-75
181            </intent-filter>
182        </service>
183        <service
183-->[androidx.credentials:credentials-play-services-auth:1.2.0-rc01] AndroidManifest.xml:24:9-32:19
184            android:name="androidx.credentials.playservices.CredentialProviderMetadataHolder"
184-->[androidx.credentials:credentials-play-services-auth:1.2.0-rc01] AndroidManifest.xml:25:13-94
185            android:enabled="true"
185-->[androidx.credentials:credentials-play-services-auth:1.2.0-rc01] AndroidManifest.xml:26:13-35
186            android:exported="false" >
186-->[androidx.credentials:credentials-play-services-auth:1.2.0-rc01] AndroidManifest.xml:27:13-37
187            <meta-data
187-->[androidx.credentials:credentials-play-services-auth:1.2.0-rc01] AndroidManifest.xml:29:13-31:104
188                android:name="androidx.credentials.CREDENTIAL_PROVIDER_KEY"
188-->[androidx.credentials:credentials-play-services-auth:1.2.0-rc01] AndroidManifest.xml:30:17-76
189                android:value="androidx.credentials.playservices.CredentialProviderPlayServicesImpl" />
189-->[androidx.credentials:credentials-play-services-auth:1.2.0-rc01] AndroidManifest.xml:31:17-101
190        </service>
191
192        <activity
192-->[androidx.credentials:credentials-play-services-auth:1.2.0-rc01] AndroidManifest.xml:34:9-41:20
193            android:name="androidx.credentials.playservices.HiddenActivity"
193-->[androidx.credentials:credentials-play-services-auth:1.2.0-rc01] AndroidManifest.xml:35:13-76
194            android:configChanges="orientation|screenSize|screenLayout|keyboardHidden"
194-->[androidx.credentials:credentials-play-services-auth:1.2.0-rc01] AndroidManifest.xml:36:13-87
195            android:enabled="true"
195-->[androidx.credentials:credentials-play-services-auth:1.2.0-rc01] AndroidManifest.xml:37:13-35
196            android:exported="false"
196-->[androidx.credentials:credentials-play-services-auth:1.2.0-rc01] AndroidManifest.xml:38:13-37
197            android:fitsSystemWindows="true"
197-->[androidx.credentials:credentials-play-services-auth:1.2.0-rc01] AndroidManifest.xml:39:13-45
198            android:theme="@style/Theme.Hidden" >
198-->[androidx.credentials:credentials-play-services-auth:1.2.0-rc01] AndroidManifest.xml:40:13-48
199        </activity>
200        <activity
200-->[com.google.android.gms:play-services-auth:21.2.0] AndroidManifest.xml:23:9-27:75
201            android:name="com.google.android.gms.auth.api.signin.internal.SignInHubActivity"
201-->[com.google.android.gms:play-services-auth:21.2.0] AndroidManifest.xml:24:13-93
202            android:excludeFromRecents="true"
202-->[com.google.android.gms:play-services-auth:21.2.0] AndroidManifest.xml:25:13-46
203            android:exported="false"
203-->[com.google.android.gms:play-services-auth:21.2.0] AndroidManifest.xml:26:13-37
204            android:theme="@android:style/Theme.Translucent.NoTitleBar" />
204-->[com.google.android.gms:play-services-auth:21.2.0] AndroidManifest.xml:27:13-72
205        <!--
206            Service handling Google Sign-In user revocation. For apps that do not integrate with
207            Google Sign-In, this service will never be started.
208        -->
209        <service
209-->[com.google.android.gms:play-services-auth:21.2.0] AndroidManifest.xml:33:9-37:51
210            android:name="com.google.android.gms.auth.api.signin.RevocationBoundService"
210-->[com.google.android.gms:play-services-auth:21.2.0] AndroidManifest.xml:34:13-89
211            android:exported="true"
211-->[com.google.android.gms:play-services-auth:21.2.0] AndroidManifest.xml:35:13-36
212            android:permission="com.google.android.gms.auth.api.signin.permission.REVOCATION_NOTIFICATION"
212-->[com.google.android.gms:play-services-auth:21.2.0] AndroidManifest.xml:36:13-107
213            android:visibleToInstantApps="true" />
213-->[com.google.android.gms:play-services-auth:21.2.0] AndroidManifest.xml:37:13-48
214
215        <provider
215-->[com.google.firebase:firebase-common:22.1.0] AndroidManifest.xml:23:9-28:39
216            android:name="com.google.firebase.provider.FirebaseInitProvider"
216-->[com.google.firebase:firebase-common:22.1.0] AndroidManifest.xml:24:13-77
217            android:authorities="com.finsplit.app.firebaseinitprovider"
217-->[com.google.firebase:firebase-common:22.1.0] AndroidManifest.xml:25:13-72
218            android:directBootAware="true"
218-->[com.google.firebase:firebase-common:22.1.0] AndroidManifest.xml:26:13-43
219            android:exported="false"
219-->[com.google.firebase:firebase-common:22.1.0] AndroidManifest.xml:27:13-37
220            android:initOrder="100" />
220-->[com.google.firebase:firebase-common:22.1.0] AndroidManifest.xml:28:13-36
221
222        <activity
222-->[com.google.android.gms:play-services-base:18.9.0] AndroidManifest.xml:20:9-22:45
223            android:name="com.google.android.gms.common.api.GoogleApiActivity"
223-->[com.google.android.gms:play-services-base:18.9.0] AndroidManifest.xml:20:19-85
224            android:exported="false"
224-->[com.google.android.gms:play-services-base:18.9.0] AndroidManifest.xml:22:19-43
225            android:theme="@android:style/Theme.Translucent.NoTitleBar" />
225-->[com.google.android.gms:play-services-base:18.9.0] AndroidManifest.xml:21:19-78
226
227        <provider
227-->[androidx.work:work-runtime:2.9.0] AndroidManifest.xml:29:9-37:20
228            android:name="androidx.startup.InitializationProvider"
228-->[androidx.work:work-runtime:2.9.0] AndroidManifest.xml:30:13-67
229            android:authorities="com.finsplit.app.androidx-startup"
229-->[androidx.work:work-runtime:2.9.0] AndroidManifest.xml:31:13-68
230            android:exported="false" >
230-->[androidx.work:work-runtime:2.9.0] AndroidManifest.xml:32:13-37
231            <meta-data
231-->[androidx.work:work-runtime:2.9.0] AndroidManifest.xml:34:13-36:52
232                android:name="androidx.work.WorkManagerInitializer"
232-->[androidx.work:work-runtime:2.9.0] AndroidManifest.xml:35:17-68
233                android:value="androidx.startup" />
233-->[androidx.work:work-runtime:2.9.0] AndroidManifest.xml:36:17-49
234            <meta-data
234-->[androidx.emoji2:emoji2:1.3.0] AndroidManifest.xml:29:13-31:52
235                android:name="androidx.emoji2.text.EmojiCompatInitializer"
235-->[androidx.emoji2:emoji2:1.3.0] AndroidManifest.xml:30:17-75
236                android:value="androidx.startup" />
236-->[androidx.emoji2:emoji2:1.3.0] AndroidManifest.xml:31:17-49
237            <meta-data
237-->[androidx.lifecycle:lifecycle-process:2.6.2] AndroidManifest.xml:29:13-31:52
238                android:name="androidx.lifecycle.ProcessLifecycleInitializer"
238-->[androidx.lifecycle:lifecycle-process:2.6.2] AndroidManifest.xml:30:17-78
239                android:value="androidx.startup" />
239-->[androidx.lifecycle:lifecycle-process:2.6.2] AndroidManifest.xml:31:17-49
240            <meta-data
240-->[androidx.profileinstaller:profileinstaller:1.3.1] AndroidManifest.xml:29:13-31:52
241                android:name="androidx.profileinstaller.ProfileInstallerInitializer"
241-->[androidx.profileinstaller:profileinstaller:1.3.1] AndroidManifest.xml:30:17-85
242                android:value="androidx.startup" />
242-->[androidx.profileinstaller:profileinstaller:1.3.1] AndroidManifest.xml:31:17-49
243        </provider>
244
245        <service
245-->[androidx.work:work-runtime:2.9.0] AndroidManifest.xml:39:9-45:35
246            android:name="androidx.work.impl.background.systemalarm.SystemAlarmService"
246-->[androidx.work:work-runtime:2.9.0] AndroidManifest.xml:40:13-88
247            android:directBootAware="false"
247-->[androidx.work:work-runtime:2.9.0] AndroidManifest.xml:41:13-44
248            android:enabled="@bool/enable_system_alarm_service_default"
248-->[androidx.work:work-runtime:2.9.0] AndroidManifest.xml:42:13-72
249            android:exported="false" />
249-->[androidx.work:work-runtime:2.9.0] AndroidManifest.xml:43:13-37
250        <service
250-->[androidx.work:work-runtime:2.9.0] AndroidManifest.xml:46:9-52:35
251            android:name="androidx.work.impl.background.systemjob.SystemJobService"
251-->[androidx.work:work-runtime:2.9.0] AndroidManifest.xml:47:13-84
252            android:directBootAware="false"
252-->[androidx.work:work-runtime:2.9.0] AndroidManifest.xml:48:13-44
253            android:enabled="@bool/enable_system_job_service_default"
253-->[androidx.work:work-runtime:2.9.0] AndroidManifest.xml:49:13-70
254            android:exported="true"
254-->[androidx.work:work-runtime:2.9.0] AndroidManifest.xml:50:13-36
255            android:permission="android.permission.BIND_JOB_SERVICE" />
255-->[androidx.work:work-runtime:2.9.0] AndroidManifest.xml:51:13-69
256        <service
256-->[androidx.work:work-runtime:2.9.0] AndroidManifest.xml:53:9-59:35
257            android:name="androidx.work.impl.foreground.SystemForegroundService"
257-->[androidx.work:work-runtime:2.9.0] AndroidManifest.xml:54:13-81
258            android:directBootAware="false"
258-->[androidx.work:work-runtime:2.9.0] AndroidManifest.xml:55:13-44
259            android:enabled="@bool/enable_system_foreground_service_default"
259-->[androidx.work:work-runtime:2.9.0] AndroidManifest.xml:56:13-77
260            android:exported="false" />
260-->[androidx.work:work-runtime:2.9.0] AndroidManifest.xml:57:13-37
261
262        <receiver
262-->[androidx.work:work-runtime:2.9.0] AndroidManifest.xml:61:9-66:35
263            android:name="androidx.work.impl.utils.ForceStopRunnable$BroadcastReceiver"
263-->[androidx.work:work-runtime:2.9.0] AndroidManifest.xml:62:13-88
264            android:directBootAware="false"
264-->[androidx.work:work-runtime:2.9.0] AndroidManifest.xml:63:13-44
265            android:enabled="true"
265-->[androidx.work:work-runtime:2.9.0] AndroidManifest.xml:64:13-35
266            android:exported="false" />
266-->[androidx.work:work-runtime:2.9.0] AndroidManifest.xml:65:13-37
267        <receiver
267-->[androidx.work:work-runtime:2.9.0] AndroidManifest.xml:67:9-77:20
268            android:name="androidx.work.impl.background.systemalarm.ConstraintProxy$BatteryChargingProxy"
268-->[androidx.work:work-runtime:2.9.0] AndroidManifest.xml:68:13-106